15:24:56:599 [ALWAYS]	GUDE Logging Started
15:24:56:599 [INFO]	SqliteResumeCache::SqliteResumeCache basedirectory is null/empty
15:24:56:599 [ERROR]	SqliteResumeCache::CreateSqliteResumeCache creating resume cache pointer failure
15:24:56:599 [ERROR]	Initialize resume cache pointer failure
15:24:56:599 [INFO]	gude policy POLICY_USER limit (2,2,1) chunk 2097152, chunking (UL 0 DL 1), resXfer 1, adapt 0, NSURL 0, timeout 86400 
15:24:56:600 [INFO]	Initialized -- gude-lib version: v0.12.1 app: gude
15:24:59:273 [WARN]	Ignoring attempt to reinit logging to \gude at level 4 retaining 3 days of logs
15:24:59:273 [INFO]	SqliteResumeCache::SqliteResumeCache basedirectory is null/empty
15:24:59:273 [ERROR]	SqliteResumeCache::CreateSqliteResumeCache creating resume cache pointer failure
15:24:59:273 [ERROR]	Initialize resume cache pointer failure
15:24:59:273 [INFO]	gude policy POLICY_USER limit (4,4,1) chunk 2097152, chunking (UL 0 DL 1), resXfer 1, adapt 0, NSURL 1, timeout 86400 
15:24:59:273 [INFO]	Initialized -- gude-lib version: v0.12.1 app: gude
21:47:00:151 [ALWAYS]	GUDE Logging Started
21:47:00:152 [INFO]	SqliteResumeCache::SqliteResumeCache basedirectory is null/empty
21:47:00:152 [ERROR]	SqliteResumeCache::CreateSqliteResumeCache creating resume cache pointer failure
21:47:00:152 [ERROR]	Initialize resume cache pointer failure
21:47:00:152 [INFO]	gude policy POLICY_USER limit (2,2,1) chunk 2097152, chunking (UL 0 DL 1), resXfer 1, adapt 0, NSURL 0, timeout 86400 
21:47:00:153 [INFO]	Initialized -- gude-lib version: v0.12.1 app: gude
21:47:01:822 [WARN]	Ignoring attempt to reinit logging to \gude at level 4 retaining 3 days of logs
21:47:01:822 [INFO]	SqliteResumeCache::SqliteResumeCache basedirectory is null/empty
21:47:01:822 [ERROR]	SqliteResumeCache::CreateSqliteResumeCache creating resume cache pointer failure
21:47:01:822 [ERROR]	Initialize resume cache pointer failure
21:47:01:823 [INFO]	gude policy POLICY_USER limit (4,4,1) chunk 2097152, chunking (UL 0 DL 1), resXfer 1, adapt 0, NSURL 1, timeout 86400 
21:47:01:823 [INFO]	Initialized -- gude-lib version: v0.12.1 app: gude
