15:37:33:244 [ALWAYS]	GUDE Logging Started
15:37:33:245 [INFO]	SqliteResumeCache::SqliteResumeCache basedirectory is null/empty
15:37:33:245 [ERROR]	SqliteResumeCache::CreateSqliteResumeCache creating resume cache pointer failure
15:37:33:245 [ERROR]	Initialize resume cache pointer failure
15:37:33:245 [INFO]	gude policy POLICY_USER limit (2,2,1) chunk 2097152, chunking (UL 0 DL 1), resXfer 1, adapt 0, NSURL 0, timeout 86400 
15:37:33:245 [INFO]	Initialized -- gude-lib version: v0.12.1 app: gude
15:37:34:539 [WARN]	Ignoring attempt to reinit logging to \gude at level 4 retaining 3 days of logs
15:37:34:539 [INFO]	SqliteResumeCache::SqliteResumeCache basedirectory is null/empty
15:37:34:539 [ERROR]	SqliteResumeCache::CreateSqliteResumeCache creating resume cache pointer failure
15:37:34:539 [ERROR]	Initialize resume cache pointer failure
15:37:34:539 [INFO]	gude policy POLICY_USER limit (4,4,1) chunk 2097152, chunking (UL 0 DL 1), resXfer 1, adapt 0, NSURL 1, timeout 86400 
15:37:34:539 [INFO]	Initialized -- gude-lib version: v0.12.1 app: gude
15:38:13:486 [ALWAYS]	GUDE Logging Started
15:38:13:487 [INFO]	SqliteResumeCache::SqliteResumeCache basedirectory is null/empty
15:38:13:487 [ERROR]	SqliteResumeCache::CreateSqliteResumeCache creating resume cache pointer failure
15:38:13:487 [ERROR]	Initialize resume cache pointer failure
15:38:13:487 [INFO]	gude policy POLICY_USER limit (2,2,1) chunk 2097152, chunking (UL 0 DL 1), resXfer 1, adapt 0, NSURL 0, timeout 86400 
15:38:13:487 [INFO]	Initialized -- gude-lib version: v0.12.1 app: gude
15:38:14:786 [WARN]	Ignoring attempt to reinit logging to \gude at level 4 retaining 3 days of logs
15:38:14:786 [INFO]	SqliteResumeCache::SqliteResumeCache basedirectory is null/empty
15:38:14:786 [ERROR]	SqliteResumeCache::CreateSqliteResumeCache creating resume cache pointer failure
15:38:14:786 [ERROR]	Initialize resume cache pointer failure
15:38:14:786 [INFO]	gude policy POLICY_USER limit (4,4,1) chunk 2097152, chunking (UL 0 DL 1), resXfer 1, adapt 0, NSURL 1, timeout 86400 
15:38:14:786 [INFO]	Initialized -- gude-lib version: v0.12.1 app: gude
